Determining if the pthread_create exist failed with the following output:
Change Dir: /home/noreply/Mx106/build/CMakeFiles/CMakeTmp

Run Build Command:"/usr/bin/make" "cmTC_5143f/fast"
/usr/bin/make -f CMakeFiles/cmTC_5143f.dir/build.make CMakeFiles/cmTC_5143f.dir/build
make[1]: вход в каталог «/home/noreply/Mx106/build/CMakeFiles/CMakeTmp»
Building C object CMakeFiles/cmTC_5143f.dir/CheckSymbolExists.c.o
/usr/bin/cc     -o CMakeFiles/cmTC_5143f.dir/CheckSymbolExists.c.o   -c /home/noreply/Mx106/build/CMakeFiles/CMakeTmp/CheckSymbolExists.c
Linking C executable cmTC_5143f
/usr/bin/cmake -E cmake_link_script CMakeFiles/cmTC_5143f.dir/link.txt --verbose=1
/usr/bin/cc       CMakeFiles/cmTC_5143f.dir/CheckSymbolExists.c.o  -o cmTC_5143f -rdynamic 
CMakeFiles/cmTC_5143f.dir/CheckSymbolExists.c.o: In function `main':
CheckSymbolExists.c:(.text+0x16): undefined reference to `pthread_create'
collect2: error: ld returned 1 exit status
CMakeFiles/cmTC_5143f.dir/build.make:97: ошибка выполнения рецепта для цели «cmTC_5143f»
make[1]: *** [cmTC_5143f] Ошибка 1
make[1]: выход из каталога «/home/noreply/Mx106/build/CMakeFiles/CMakeTmp»
Makefile:126: ошибка выполнения рецепта для цели «cmTC_5143f/fast»
make: *** [cmTC_5143f/fast] Ошибка 2

File /home/noreply/Mx106/build/CMakeFiles/CMakeTmp/CheckSymbolExists.c:
/* */
#include <pthread.h>

int main(int argc, char** argv)
{
  (void)argv;
#ifndef pthread_create
  return ((int*)(&pthread_create))[argc];
#else
  (void)argc;
  return 0;
#endif
}

Determining if the function pthread_create exists in the pthreads failed with the following output:
Change Dir: /home/noreply/Mx106/build/CMakeFiles/CMakeTmp

Run Build Command:"/usr/bin/make" "cmTC_ec609/fast"
/usr/bin/make -f CMakeFiles/cmTC_ec609.dir/build.make CMakeFiles/cmTC_ec609.dir/build
make[1]: вход в каталог «/home/noreply/Mx106/build/CMakeFiles/CMakeTmp»
Building C object CMakeFiles/cmTC_ec609.dir/CheckFunctionExists.c.o
/usr/bin/cc    -DCHECK_FUNCTION_EXISTS=pthread_create   -o CMakeFiles/cmTC_ec609.dir/CheckFunctionExists.c.o   -c /usr/share/cmake-3.5/Modules/CheckFunctionExists.c
Linking C executable cmTC_ec609
/usr/bin/cmake -E cmake_link_script CMakeFiles/cmTC_ec609.dir/link.txt --verbose=1
/usr/bin/cc   -DCHECK_FUNCTION_EXISTS=pthread_create    CMakeFiles/cmTC_ec609.dir/CheckFunctionExists.c.o  -o cmTC_ec609 -rdynamic -lpthreads 
/usr/bin/ld: cannot find -lpthreads
collect2: error: ld returned 1 exit status
CMakeFiles/cmTC_ec609.dir/build.make:97: ошибка выполнения рецепта для цели «cmTC_ec609»
make[1]: *** [cmTC_ec609] Ошибка 1
make[1]: выход из каталога «/home/noreply/Mx106/build/CMakeFiles/CMakeTmp»
Makefile:126: ошибка выполнения рецепта для цели «cmTC_ec609/fast»
make: *** [cmTC_ec609/fast] Ошибка 2


